[2024-06-23 17:35:15 +0300] [997] [INFO] Starting gunicorn 22.0.0
[2024-06-23 17:35:15 +0300] [997] [INFO] Listening at: http://127.0.0.1:5035 (997)
[2024-06-23 17:35:15 +0300] [997] [INFO] Using worker: sync
[2024-06-23 17:35:15 +0300] [998] [INFO] Booting worker with pid: 998
[2024-06-23 17:35:42 +0300] [997] [INFO] Handling signal: term
[2024-06-23 17:35:42 +0300] [998] [INFO] Worker exiting (pid: 998)
[2024-06-23 17:35:43 +0300] [997] [INFO] Shutting down: Master
[2024-06-23 17:35:44 +0300] [1023] [INFO] Starting gunicorn 22.0.0
[2024-06-23 17:35:44 +0300] [1023] [INFO] Listening at: http://127.0.0.1:5036 (1023)
[2024-06-23 17:35:44 +0300] [1023] [INFO] Using worker: sync
[2024-06-23 17:35:44 +0300] [1024] [INFO] Booting worker with pid: 1024
[2024-06-24 00:15:09 +0300] [1023] [INFO] Handling signal: term
[2024-06-24 00:15:09 +0300] [1024] [INFO] Worker exiting (pid: 1024)
[2024-06-24 00:15:09 +0300] [1023] [INFO] Shutting down: Master
[2024-06-25 11:45:47 +0300] [76] [INFO] Starting gunicorn 22.0.0
[2024-06-25 11:45:47 +0300] [76] [INFO] Listening at: http://127.0.0.1:5036 (76)
[2024-06-25 11:45:47 +0300] [76] [INFO] Using worker: sync
[2024-06-25 11:45:47 +0300] [77] [INFO] Booting worker with pid: 77
[2024-07-27 22:54:17 +0300] [76] [INFO] Handling signal: term
[2024-07-27 22:54:17 +0300] [77] [INFO] Worker exiting (pid: 77)
[2024-07-27 22:54:17 +0300] [76] [INFO] Shutting down: Master
[2024-07-28 02:32:47 +0300] [9] [INFO] Starting gunicorn 22.0.0
[2024-07-28 02:32:47 +0300] [9] [INFO] Listening at: http://127.0.0.1:5036 (9)
[2024-07-28 02:32:47 +0300] [9] [INFO] Using worker: sync
[2024-07-28 02:32:47 +0300] [12] [INFO] Booting worker with pid: 12
[2024-08-19 14:28:45 +0300] [9] [INFO] Handling signal: term
[2024-08-19 14:28:45 +0300] [12] [INFO] Worker exiting (pid: 12)
[2024-08-19 14:28:45 +0300] [9] [INFO] Shutting down: Master
[2024-08-19 15:05:43 +0300] [9] [INFO] Starting gunicorn 22.0.0
[2024-08-19 15:05:43 +0300] [9] [INFO] Listening at: http://127.0.0.1:5036 (9)
[2024-08-19 15:05:43 +0300] [9] [INFO] Using worker: sync
[2024-08-19 15:05:43 +0300] [12] [INFO] Booting worker with pid: 12
[2024-09-03 17:35:25 +0300] [9] [INFO] Handling signal: term
[2024-09-03 17:35:25 +0300] [12] [INFO] Worker exiting (pid: 12)
[2024-09-03 17:35:25 +0300] [9] [INFO] Shutting down: Master
[2024-09-04 02:14:25 +0300] [9] [INFO] Starting gunicorn 22.0.0
[2024-09-04 02:14:25 +0300] [9] [INFO] Listening at: http://127.0.0.1:5036 (9)
[2024-09-04 02:14:25 +0300] [9] [INFO] Using worker: sync
[2024-09-04 02:14:25 +0300] [12] [INFO] Booting worker with pid: 12
